#
# There is insufficient memory for the Java Runtime Environment to continue.
# Native memory allocation (malloc) failed to allocate 1048576 bytes for AllocateHeap
# Possible reasons:
#   The system is out of physical RAM or swap space
#   In 32 bit mode, the process size limit was hit
# Possible solutions:
#   Reduce memory load on the system
#   Increase physical memory or swap space
#   Check if swap backing store is full
#   Use 64 bit Java on a 64 bit OS
#   Decrease Java heap size (-Xmx/-Xms)
#   Decrease number of Java threads
#   Decrease Java thread stack sizes (-Xss)
#   Set larger code cache with -XX:ReservedCodeCacheSize=
# This output file may be truncated or incomplete.
#
#  Out of Memory Error (memory/allocation.inline.hpp:61), pid=14236, tid=0x0000000000001464
#
# JRE version:  (8.0_181-b13) (build )
# Java VM: Java HotSpot(TM) 64-Bit Server VM (25.181-b13 mixed mode windows-amd64 compressed oops)
# Failed to write core dump. Minidumps are not enabled by default on client versions of Windows
#

---------------  T H R E A D  ---------------

Current thread (0x000000000295e800):  JavaThread "Unknown thread" [_thread_in_vm, id=5220, stack(0x0000000002960000,0x0000000002a60000)]

Stack: [0x0000000002960000,0x0000000002a60000]
[error occurred during error reporting (printing stack bounds), id 0xc0000005]

Native frames: (J=compiled Java code, j=interpreted, Vv=VM code, C=native code)


---------------  P R O C E S S  ---------------

Java Threads: ( => current thread )

Other Threads:

=>0x000000000295e800 (exited) JavaThread "Unknown thread" [_thread_in_vm, id=5220, stack(0x0000000002960000,0x0000000002a60000)]

VM state:not at safepoint (normal execution)

VM Mutex/Monitor currently owned by a thread: None

Heap:
 PSYoungGen      total 18944K, used 327K [0x00000000eb180000, 0x00000000ec680000, 0x0000000100000000)
  eden space 16384K, 2% used [0x00000000eb180000,0x00000000eb1d1ec8,0x00000000ec180000)
  from space 2560K, 0% used [0x00000000ec400000,0x00000000ec400000,0x00000000ec680000)
  to   space 2560K, 0% used [0x00000000ec180000,0x00000000ec180000,0x00000000ec400000)
 ParOldGen       total 44032K, used 0K [0x00000000c1400000, 0x00000000c3f00000, 0x00000000eb180000)
  object space 44032K, 0% used [0x00000000c1400000,0x00000000c1400000,0x00000000c3f00000)
 Metaspace       used 751K, capacity 4480K, committed 4480K, reserved 1056768K
  class space    used 76K, capacity 384K, committed 384K, reserved 1048576K

Card table byte_map: [0x0000000011f20000,0x0000000012120000] byte_map_base: 0x0000000011916000

Marking Bits: (ParMarkBitMap*) 0x00000000736d2d00
 Begin Bits: [0x0000000012670000, 0x0000000013620000)
 End Bits:   [0x0000000013620000, 0x00000000145d0000)

Polling page: 0x0000000002850000

CodeCache: size=245760Kb used=328Kb max_used=328Kb free=245431Kb
 bounds [0x0000000002b60000, 0x0000000002dd0000, 0x0000000011b60000]
 total_blobs=58 nmethods=0 adapters=38
 compilation: enabled

Compilation events (0 events):
No events

GC Heap History (0 events):
No events

Deoptimization events (0 events):
No events

Classes redefined (0 events):
No events

Internal exceptions (0 events):
No events

Events (10 events):
Event: 0.050 loading class java/lang/Short
Event: 0.050 loading class java/lang/Short done
Event: 0.050 loading class java/lang/Integer
Event: 0.051 loading class java/lang/Integer done
Event: 0.051 loading class java/lang/Long
Event: 0.051 loading class java/lang/Long done
Event: 0.052 loading class java/lang/NullPointerException
Event: 0.052 loading class java/lang/NullPointerException done
Event: 0.052 loading class java/lang/ArithmeticException
Event: 0.052 loading class java/lang/ArithmeticException done


Dynamic libraries:
0x00007ff72ccf0000 - 0x00007ff72cd27000 	C:\Program Files\Java\jre1.8.0_181\bin\javaw.exe
0x00007fffbd8c0000 - 0x00007fffbdab0000 	C:\WINDOWS\SYSTEM32\ntdll.dll
0x00007fffbcf30000 - 0x00007fffbcfe2000 	C:\WINDOWS\System32\KERNEL32.DLL
0x00007fffba850000 - 0x00007fffbaaf3000 	C:\WINDOWS\System32\KERNELBASE.dll
0x00007fffbc520000 - 0x00007fffbc5c3000 	C:\WINDOWS\System32\ADVAPI32.dll
0x00007fffbd7c0000 - 0x00007fffbd85e000 	C:\WINDOWS\System32\msvcrt.dll
0x00007fffbc1d0000 - 0x00007fffbc267000 	C:\WINDOWS\System32\sechost.dll
0x00007fffbc5d0000 - 0x00007fffbc6f0000 	C:\WINDOWS\System32\RPCRT4.dll
0x00007fffbc280000 - 0x00007fffbc414000 	C:\WINDOWS\System32\USER32.dll
0x00007fffbae00000 - 0x00007fffbae21000 	C:\WINDOWS\System32\win32u.dll
0x00007fffbc4f0000 - 0x00007fffbc516000 	C:\WINDOWS\System32\GDI32.dll
0x00007fffbb7d0000 - 0x00007fffbb964000 	C:\WINDOWS\System32\gdi32full.dll
0x00007fffbae80000 - 0x00007fffbaf1e000 	C:\WINDOWS\System32\msvcp_win.dll
0x00007fffbab50000 - 0x00007fffbac4a000 	C:\WINDOWS\System32\ucrtbase.dll
0x00007fffa4700000 - 0x00007fffa4985000 	C:\WINDOWS\WinSxS\amd64_microsoft.windows.common-controls_6595b64144ccf1df_6.0.18362.778_none_e6c6b761130d4fb8\COMCTL32.dll
0x00007fffbbe90000 - 0x00007fffbc1c6000 	C:\WINDOWS\System32\combase.dll
0x00007fffbb750000 - 0x00007fffbb7d0000 	C:\WINDOWS\System32\bcryptPrimitives.dll
0x00007fffbb970000 - 0x00007fffbb99e000 	C:\WINDOWS\System32\IMM32.DLL
0x00000000748c0000 - 0x0000000074992000 	C:\Program Files\Java\jre1.8.0_181\bin\msvcr100.dll
0x0000000072eb0000 - 0x0000000073752000 	C:\Program Files\Java\jre1.8.0_181\bin\server\jvm.dll
0x00007fffbc7c0000 - 0x00007fffbc7c8000 	C:\WINDOWS\System32\PSAPI.DLL
0x00007fffb9290000 - 0x00007fffb9299000 	C:\WINDOWS\SYSTEM32\WSOCK32.dll
0x00007fffbc6f0000 - 0x00007fffbc75f000 	C:\WINDOWS\System32\WS2_32.dll
0x00007fffb8490000 - 0x00007fffb84b4000 	C:\WINDOWS\SYSTEM32\WINMM.dll
0x00007fffae910000 - 0x00007fffae91a000 	C:\WINDOWS\SYSTEM32\VERSION.dll
0x00007fffb8460000 - 0x00007fffb848d000 	C:\WINDOWS\SYSTEM32\WINMMBASE.dll
0x00007fffbae30000 - 0x00007fffbae7a000 	C:\WINDOWS\System32\cfgmgr32.dll
0x0000000072dc0000 - 0x0000000072dcf000 	C:\Program Files\Java\jre1.8.0_181\bin\verify.dll
0x0000000072d90000 - 0x0000000072db9000 	C:\Program Files\Java\jre1.8.0_181\bin\java.dll
0x0000000072d70000 - 0x0000000072d86000 	C:\Program Files\Java\jre1.8.0_181\bin\zip.dll

VM Arguments:
jvm_args: -Dfile.encoding=Cp1252 
java_command: extrawork.Demo4
java_class_path (initial): E:\eclips class\javaproject\bin;C:\eclipse12\plugins\org.testng_6.14.2.r201802161450.jar;C:\eclipse12\plugins\com.beust.jcommander_1.72.0.jar;C:\eclipse12\plugins\org.apache-extras.beanshell.bsh_2.0.0.b6.jar;C:\eclipse12\plugins\org.yaml.snakeyaml_1.17.0.jar;E:\eclips class\javaproject\jar\selenium-server-standalone-3.141.59.jar;E:\eclips class\javaproject\jar\commons-codec-1.10.jar;E:\eclips class\javaproject\jar\commons-collections4-4.1.jar;E:\eclips class\javaproject\jar\commons-logging-1.2.jar;E:\eclips class\javaproject\jar\curvesapi-1.04.jar;E:\eclips class\javaproject\jar\junit-4.12.jar;E:\eclips class\javaproject\jar\log4j-1.2.17.jar;E:\eclips class\javaproject\jar\org.testng_6.14.2.r201802161450.jar;E:\eclips class\javaproject\jar\poi-3.17.jar;E:\eclips class\javaproject\jar\poi-examples-3.17.jar;E:\eclips class\javaproject\jar\poi-excelant-3.17.jar;E:\eclips class\javaproject\jar\poi-ooxml-3.17.jar;E:\eclips class\javaproject\jar\poi-ooxml-schemas-3.17.jar;E:\eclips class\javaproject\jar\poi-scratchpad-3.17.jar;E:\eclips class\javaproject\jar\xmlbeans-2.6.0.jar;E:\eclips class\javaproject\jar\commons-io-2.6-javadoc.jar;E:\eclips class\javaproject\jar\commons-io-2.6-sources.jar;E:\eclips class\javaproject\jar\commons-io-2.6-test-sources.jar;E:\eclips class\javaproject\jar\commons-io-2.6-tests.jar;E:\eclips class\javaproject\jar\commons-io-2.6.jar
Launcher Type: SUN_STANDARD

Environment Variables:
PATH=C:/Program Files/Java/jre1.8.0_181/bin/server;C:/Program Files/Java/jre1.8.0_181/bin;C:/Program Files/Java/jre1.8.0_181/lib/amd64;C:\Program Files (x86)\Common Files\Oracle\Java\javapath;E:\oracle\product\10.2.0\db_1\bin;C:\Program Files (x86)\Java\jdk1.6.0\bin;C:\WINDOWS\system32;C:\WINDOWS;C:\WINDOWS\System32\Wbem;C:\WINDOWS\System32\WindowsPowerShell\v1.0\;C:\Program Files (x86)\ATI Technologies\ATI.ACE\Core-Static;C:\Program Files\EditPlus;C:\WINDOWS\System32\OpenSSH\;C:\Users\hp\Desktop\node;C:\Program Files (x86)\AMD\ATI.ACE\Core-Static;C:\Program Files\nodejs\;C:\Program Files (x86)\Python37-32;C:\Users\hp\AppData\Local\Microsoft\WindowsApps;;C:\Users\hp\AppData\Local\Programs\Microsoft VS Code\bin;C:\Users\hp\AppData\Roaming\npm;C:\eclipse12;
USERNAME=hp
OS=Windows_NT
PROCESSOR_IDENTIFIER=Intel64 Family 6 Model 61 Stepping 4, GenuineIntel



---------------  S Y S T E M  ---------------

OS: Windows 10.0 , 64 bit Build 18362 (10.0.18362.778)

CPU:total 4 (initial active 4) (2 cores per cpu, 2 threads per core) family 6 model 61 stepping 4, cmov, cx8, fxsr, mmx, sse, sse2, sse3, ssse3, sse4.1, sse4.2, popcnt, avx, avx2, aes, clmul, erms, 3dnowpref, lzcnt, ht, tsc, tscinvbit, bmi1, bmi2, adx

Memory: 4k page, physical 4107668k(217928k free), swap 16690580k(5872k free)

vm_info: Java HotSpot(TM) 64-Bit Server VM (25.181-b13) for windows-amd64 JRE (1.8.0_181-b13), built on Jul  7 2018 04:01:33 by "java_re" with MS VC++ 10.0 (VS2010)

time: Mon May 11 16:28:19 2020
elapsed time: 0 seconds (0d 0h 0m 0s)

